This is pdfTeX, Version 3.1415926-2.4-1.40.13 (TeX Live 2012/Debian) (format=pdflatex 2013.10.14)  17 OCT 2014 13:26
entering extended mode
 restricted \write18 enabled.
 %&-line parsing enabled.
**/tmp/all.tex -output-directory .
(/tmp/all.tex
LaTeX2e <2011/06/27>
Babel <v3.8m> and hyphenation patterns for english, dumylang, nohyphenation, lo
aded.
(/usr/share/texlive/texmf-dist/tex/latex/base/article.cls
Document Class: article 2007/10/19 v1.4h Standard LaTeX document class
(/usr/share/texlive/texmf-dist/tex/latex/base/size10.clo
File: size10.clo 2007/10/19 v1.4h Standard LaTeX file (size option)
)
\c@part=\count79
\c@section=\count80
\c@subsection=\count81
\c@subsubsection=\count82
\c@paragraph=\count83
\c@subparagraph=\count84
\c@figure=\count85
\c@table=\count86
\abovecaptionskip=\skip41
\belowcaptionskip=\skip42
\bibindent=\dimen102
)
(/usr/share/texlive/texmf-dist/tex/latex/listings/listings.sty
(/usr/share/texlive/texmf-dist/tex/latex/graphics/keyval.sty
Package: keyval 1999/03/16 v1.13 key=value parser (DPC)
\KV@toks@=\toks14
)
\lst@mode=\count87
\lst@gtempboxa=\box26
\lst@token=\toks15
\lst@length=\count88
\lst@currlwidth=\dimen103
\lst@column=\count89
\lst@pos=\count90
\lst@lostspace=\dimen104
\lst@width=\dimen105
\lst@newlines=\count91
\lst@lineno=\count92
\lst@maxwidth=\dimen106

(/usr/share/texlive/texmf-dist/tex/latex/listings/lstmisc.sty
File: lstmisc.sty 2007/02/22 1.4 (Carsten Heinz)
\c@lstnumber=\count93
\lst@skipnumbers=\count94
\lst@framebox=\box27
)
(/usr/share/texlive/texmf-dist/tex/latex/listings/listings.cfg
File: listings.cfg 2007/02/22 1.4 listings configuration
))
Package: listings 2007/02/22 1.4 (Carsten Heinz)

(/usr/share/texlive/texmf-dist/tex/latex/graphics/color.sty
Package: color 2005/11/14 v1.0j Standard LaTeX Color (DPC)

(/usr/share/texlive/texmf-dist/tex/latex/latexconfig/color.cfg
File: color.cfg 2007/01/18 v1.5 color configuration of teTeX/TeXLive
)
Package color Info: Driver file: pdftex.def on input line 130.

(/usr/share/texlive/texmf-dist/tex/latex/pdftex-def/pdftex.def
File: pdftex.def 2011/05/27 v0.06d Graphics/color for pdfTeX

(/usr/share/texlive/texmf-dist/tex/generic/oberdiek/infwarerr.sty
Package: infwarerr 2010/04/08 v1.3 Providing info/warning/error messages (HO)
)
(/usr/share/texlive/texmf-dist/tex/generic/oberdiek/ltxcmds.sty
Package: ltxcmds 2011/11/09 v1.22 LaTeX kernel commands for general use (HO)
)
\Gread@gobject=\count95
)
(/usr/share/texlive/texmf-dist/tex/latex/graphics/dvipsnam.def
File: dvipsnam.def 1999/02/16 v3.0i Driver-dependant file (DPC,SPQR)
))
(/usr/share/texlive/texmf-dist/tex/latex/hyperref/hyperref.sty
Package: hyperref 2012/05/13 v6.82q Hypertext links for LaTeX

(/usr/share/texlive/texmf-dist/tex/generic/oberdiek/hobsub-hyperref.sty
Package: hobsub-hyperref 2012/05/28 v1.13 Bundle oberdiek, subset hyperref (HO)


(/usr/share/texlive/texmf-dist/tex/generic/oberdiek/hobsub-generic.sty
Package: hobsub-generic 2012/05/28 v1.13 Bundle oberdiek, subset generic (HO)
Package: hobsub 2012/05/28 v1.13 Construct package bundles (HO)
Package hobsub Info: Skipping package `infwarerr' (already loaded).
Package hobsub Info: Skipping package `ltxcmds' (already loaded).
Package: ifluatex 2010/03/01 v1.3 Provides the ifluatex switch (HO)
Package ifluatex Info: LuaTeX not detected.
Package: ifvtex 2010/03/01 v1.5 Detect VTeX and its facilities (HO)
Package ifvtex Info: VTeX not detected.
Package: intcalc 2007/09/27 v1.1 Expandable calculations with integers (HO)
Package: ifpdf 2011/01/30 v2.3 Provides the ifpdf switch (HO)
Package ifpdf Info: pdfTeX in PDF mode is detected.
Package: etexcmds 2011/02/16 v1.5 Avoid name clashes with e-TeX commands (HO)
Package etexcmds Info: Could not find \expanded.
(etexcmds)             That can mean that you are not using pdfTeX 1.50 or
(etexcmds)             that some package has redefined \expanded.
(etexcmds)             In the latter case, load this package earlier.
Package: kvsetkeys 2012/04/25 v1.16 Key value parser (HO)
Package: kvdefinekeys 2011/04/07 v1.3 Define keys (HO)
Package: pdftexcmds 2011/11/29 v0.20 Utility functions of pdfTeX for LuaTeX (HO
)
Package pdftexcmds Info: LuaTeX not detected.
Package pdftexcmds Info: \pdf@primitive is available.
Package pdftexcmds Info: \pdf@ifprimitive is available.
Package pdftexcmds Info: \pdfdraftmode found.
Package: pdfescape 2011/11/25 v1.13 Implements pdfTeX's escape features (HO)
Package: bigintcalc 2012/04/08 v1.3 Expandable calculations on big integers (HO
)
Package: bitset 2011/01/30 v1.1 Handle bit-vector datatype (HO)
Package: uniquecounter 2011/01/30 v1.2 Provide unlimited unique counter (HO)
)
Package hobsub Info: Skipping package `hobsub' (already loaded).
Package: letltxmacro 2010/09/02 v1.4 Let assignment for LaTeX macros (HO)
Package: hopatch 2012/05/28 v1.2 Wrapper for package hooks (HO)
Package: xcolor-patch 2011/01/30 xcolor patch
Package: atveryend 2011/06/30 v1.8 Hooks at the very end of document (HO)
Package atveryend Info: \enddocument detected (standard20110627).
Package: atbegshi 2011/10/05 v1.16 At begin shipout hook (HO)
Package: refcount 2011/10/16 v3.4 Data extraction from label references (HO)
Package: hycolor 2011/01/30 v1.7 Color options for hyperref/bookmark (HO)
)
(/usr/share/texlive/texmf-dist/tex/generic/ifxetex/ifxetex.sty
Package: ifxetex 2010/09/12 v0.6 Provides ifxetex conditional
)
(/usr/share/texlive/texmf-dist/tex/latex/oberdiek/kvoptions.sty
Package: kvoptions 2011/06/30 v3.11 Key value format for package options (HO)
)
\@linkdim=\dimen107
\Hy@linkcounter=\count96
\Hy@pagecounter=\count97

(/usr/share/texlive/texmf-dist/tex/latex/hyperref/pd1enc.def
File: pd1enc.def 2012/05/13 v6.82q Hyperref: PDFDocEncoding definition (HO)
)
\Hy@SavedSpaceFactor=\count98

(/usr/share/texlive/texmf-dist/tex/latex/latexconfig/hyperref.cfg
File: hyperref.cfg 2002/06/06 v1.2 hyperref configuration of TeXLive
)
Package hyperref Info: Option `colorlinks' set `true' on input line 3941.
Package hyperref Info: Hyper figures OFF on input line 4062.
Package hyperref Info: Link nesting OFF on input line 4067.
Package hyperref Info: Hyper index ON on input line 4070.
Package hyperref Info: Plain pages OFF on input line 4077.
Package hyperref Info: Backreferencing OFF on input line 4082.
Package hyperref Info: Implicit mode ON; LaTeX internals redefined.
Package hyperref Info: Bookmarks ON on input line 4300.
\c@Hy@tempcnt=\count99

(/usr/share/texlive/texmf-dist/tex/latex/url/url.sty
\Urlmuskip=\muskip10
Package: url 2006/04/12  ver 3.3  Verb mode for urls, etc.
)
LaTeX Info: Redefining \url on input line 4653.
\Fld@menulength=\count100
\Field@Width=\dimen108
\Fld@charsize=\dimen109
Package hyperref Info: Hyper figures OFF on input line 5773.
Package hyperref Info: Link nesting OFF on input line 5778.
Package hyperref Info: Hyper index ON on input line 5781.
Package hyperref Info: backreferencing OFF on input line 5788.
Package hyperref Info: Link coloring ON on input line 5791.
Package hyperref Info: Link coloring with OCG OFF on input line 5798.
Package hyperref Info: PDF/A mode OFF on input line 5803.
LaTeX Info: Redefining \ref on input line 5843.
LaTeX Info: Redefining \pageref on input line 5847.
\Hy@abspage=\count101
\c@Item=\count102
\c@Hfootnote=\count103
)

Package hyperref Message: Driver (autodetected): hpdftex.

(/usr/share/texlive/texmf-dist/tex/latex/hyperref/hpdftex.def
File: hpdftex.def 2012/05/13 v6.82q Hyperref driver for pdfTeX
\Fld@listcount=\count104
\c@bookmark@seq@number=\count105

(/usr/share/texlive/texmf-dist/tex/latex/oberdiek/rerunfilecheck.sty
Package: rerunfilecheck 2011/04/15 v1.7 Rerun checks for auxiliary files (HO)
Package uniquecounter Info: New unique counter `rerunfilecheck' on input line 2
82.
)
\Hy@SectionHShift=\skip43
)
(./all.aux)
\openout1 = `all.aux'.

LaTeX Font Info:    Checking defaults for OML/cmm/m/it on input line 17.
LaTeX Font Info:    ... okay on input line 17.
LaTeX Font Info:    Checking defaults for T1/cmr/m/n on input line 17.
LaTeX Font Info:    ... okay on input line 17.
LaTeX Font Info:    Checking defaults for OT1/cmr/m/n on input line 17.
LaTeX Font Info:    ... okay on input line 17.
LaTeX Font Info:    Checking defaults for OMS/cmsy/m/n on input line 17.
LaTeX Font Info:    ... okay on input line 17.
LaTeX Font Info:    Checking defaults for OMX/cmex/m/n on input line 17.
LaTeX Font Info:    ... okay on input line 17.
LaTeX Font Info:    Checking defaults for U/cmr/m/n on input line 17.
LaTeX Font Info:    ... okay on input line 17.
LaTeX Font Info:    Checking defaults for PD1/pdf/m/n on input line 17.
LaTeX Font Info:    ... okay on input line 17.
\c@lstlisting=\count106
 (/usr/share/texlive/texmf-dist/tex/context/base/supp-pdf.mkii
[Loading MPS to PDF converter (version 2006.09.02).]
\scratchcounter=\count107
\scratchdimen=\dimen110
\scratchbox=\box28
\nofMPsegments=\count108
\nofMParguments=\count109
\everyMPshowfont=\toks16
\MPscratchCnt=\count110
\MPscratchDim=\dimen111
\MPnumerator=\count111
\makeMPintoPDFobject=\count112
\everyMPtoPDFconversion=\toks17
)
\AtBeginShipoutBox=\box29
Package hyperref Info: Link coloring ON on input line 17.
 (/usr/share/texlive/texmf-dist/tex/latex/hyperref/nameref.sty
Package: nameref 2010/04/30 v2.40 Cross-referencing by name of section

(/usr/share/texlive/texmf-dist/tex/generic/oberdiek/gettitlestring.sty
Package: gettitlestring 2010/12/03 v1.4 Cleanup title references (HO)
)
\c@section@level=\count113
)
LaTeX Info: Redefining \ref on input line 17.
LaTeX Info: Redefining \pageref on input line 17.
LaTeX Info: Redefining \nameref on input line 17.

(./all.out) (./all.out)
\@outlinefile=\write3
\openout3 = `all.out'.

 (./all.toc
LaTeX Font Info:    External font `cmex10' loaded for size
(Font)              <7> on input line 2.
LaTeX Font Info:    External font `cmex10' loaded for size
(Font)              <5> on input line 2.
 [1

{/var/lib/texmf/fonts/map/pdftex/updmap/pdftex.map}] [2] [3] [4])
\tf@toc=\write4
\openout4 = `all.toc'.

 [5]
(/usr/share/texlive/texmf-dist/tex/latex/listings/lstlang1.sty
File: lstlang1.sty 2004/09/05 1.3 listings language file
)
(/usr/share/texlive/texmf-dist/tex/latex/listings/lstlang1.sty
File: lstlang1.sty 2004/09/05 1.3 listings language file
)
(/usr/share/texlive/texmf-dist/tex/latex/listings/lstmisc.sty
File: lstmisc.sty 2007/02/22 1.4 (Carsten Heinz)
)
(./Other/infixToPostfix.cpp
LaTeX Font Info:    Font shape `OT1/cmtt/bx/n' in size <8> not available
(Font)              Font shape `OT1/cmtt/m/n' tried instead on input line 1.
) [6] (./Other/inversions.cpp) [7]
(./Other/routing.java [8] [9]) [10] (./Other/header.cpp) [11]
(./Other/fenwick.cpp
Missing character: There is no √ in font cmitt10!
Missing character: There is no Ω in font cmitt10!
 [12]) [13] (./Graphs/FordFulkersonAndMinCut.cpp [14])
[15] (./Graphs/BellmanFord.cpp) [16] (./Graphs/FloodfillAndBFS.cpp [17])
[18] (./Graphs/UnionByRank.cpp [19] [20]) [21]
(./Graphs/StronglyConnectedComponents.cpp) [22] (./Graphs/FloydWarshall.cpp)
[23] (./Graphs/Kruskal.cpp) [24] (./Graphs/Dijkstra.cpp) [25]
(./Graphs/Prim.cpp) [26] (./Graphs/TopologicalSort.cpp) [27]
(./Graphs/ArticulationsBridges.cpp) [28] (./Graphs/EdmondKarp.cpp [29])
[30] (./Graphs/SetUnion.cpp) [31] (./Graphs/MaxBipartiteMatching.cpp [32])
[33] (./Graphs/Hungarian.cpp) [34] (./Ad-hoc/subarrayWithGivenSum.cpp) [35]
(./Ad-hoc/RotateArray.cpp [36]) [37] (./Ad-hoc/MaxBitonicSubarrayLength.cpp)
[38] (./Ad-hoc/NumberOfInversions.cpp [39]) [40]
(./Ad-hoc/IsArraySubsetOfArray.cpp) [41]
(./Ad-hoc/ArrangeNumbersToFormMaxNumber.cpp) [42] (./Ad-hoc/DayOfWeek.cpp)
[43] (./Ad-hoc/MaximumRepeatingNumber.cpp) [44] (./Ad-hoc/DateAfterXDays.cpp)
[45] (./Ad-hoc/MatrixChainMultiplication.cpp) [46]
(./Ad-hoc/MergeOverlappingIIntervals.cpp [47]) [48]
(./Ad-hoc/MaxSumOfIncreasingSubsequence.cpp) [49] (./Ad-hoc/DecimalToRoman.cpp
[50]) [51] (./Ad-hoc/StableMarriageProblem.cpp [52]) [53]
(./Ad-hoc/GetTwoNonRepeatingNumbers.cpp) [54] (./Ad-hoc/BinarySearch.cpp)
[55] (./Ad-hoc/MaxCircularSubarraySum.cpp) [56] (./Trees/segmentTreeRMQ.cpp
[57] [58]) [59] (./Trees/IntervalTree.cpp
Missing character: There is no √ in font cmitt10!
Missing character: There is no Ω in font cmitt10!
Missing character: There is no √ in font cmitt10!
Missing character: There is no ≠ in font cmitt10!
Missing character: There is no ≈ in font cmitt10!
Missing character: There is no æ in font cmitt10!
Missing character: There is no ≈ in font cmitt10!
Missing character: There is no ° in font cmitt10!
Missing character: There is no √ in font cmitt10!
Missing character: There is no ≠ in font cmitt10!
Missing character: There is no ≈ in font cmitt10!
Missing character: There is no ° in font cmitt10!
Missing character: There is no ≈ in font cmitt10!
Missing character: There is no ° in font cmitt10!
Missing character: There is no √ in font cmitt10!
Missing character: There is no ≠ in font cmitt10!
Missing character: There is no ≈ in font cmitt10!
Missing character: There is no ô in font cmitt10!
Missing character: There is no ƒ in font cmitt10!
Missing character: There is no ç in font cmitt10!
Missing character: There is no ≈ in font cmitt10!
Missing character: There is no Ø in font cmitt10!
Missing character: There is no ≈ in font cmitt10!
Missing character: There is no Ø in font cmitt10!
Missing character: There is no ≈ in font cmitt10!
Missing character: There is no æ in font cmitt10!
Missing character: There is no √ in font cmitt10!
Missing character: There is no ≠ in font cmitt10!
Missing character: There is no √ in font cmitt10!
Missing character: There is no ° in font cmitt10!
Missing character: There is no ≈ in font cmitt10!
Missing character: There is no ô in font cmitt10!
Missing character: There is no √ in font cmitt10!
Missing character: There is no ≠ in font cmitt10!
Missing character: There is no ≈ in font cmitt10!
Missing character: There is no ° in font cmitt10!
Missing character: There is no √ in font cmitt10!
Missing character: There is no ° in font cmitt10!
Missing character: There is no √ in font cmitt10!
Missing character: There is no ≠ in font cmitt10!
Missing character: There is no ≈ in font cmitt10!
Missing character: There is no ô in font cmitt10!
Missing character: There is no ƒ in font cmitt10!
Missing character: There is no ç in font cmitt10!
Missing character: There is no ≈ in font cmitt10!
Missing character: There is no ô in font cmitt10!
Missing character: There is no ƒ in font cmitt10!
Missing character: There is no ç in font cmitt10!
Missing character: There is no √ in font cmitt10!
Missing character: There is no ≠ in font cmitt10!
Missing character: There is no √ in font cmitt10!
Missing character: There is no © in font cmitt10!
Missing character: There is no √ in font cmitt10!
Missing character: There is no ≠ in font cmitt10!
Missing character: There is no ≈ in font cmitt10!
Missing character: There is no ° in font cmitt10!
Missing character: There is no ƒ in font cmitt10!
Missing character: There is no õ in font cmitt10!
Missing character: There is no √ in font cmitt10!
Missing character: There is no ≠ in font cmitt10!
Missing character: There is no ƒ in font cmitt10!
Missing character: There is no ç in font cmitt10!
Missing character: There is no √ in font cmitt10!
Missing character: There is no Ω in font cmitt10!
Missing character: There is no ≈ in font cmitt10!
Missing character: There is no ô in font cmitt10!
Missing character: There is no ƒ in font cmitt10!
Missing character: There is no ç in font cmitt10!
Missing character: There is no √ in font cmitt10!
Missing character: There is no © in font cmitt10!
Missing character: There is no √ in font cmitt10!
Missing character: There is no Ω in font cmitt10!
Missing character: There is no ≈ in font cmitt10!
Missing character: There is no ô in font cmitt10!
Missing character: There is no ƒ in font cmitt10!
Missing character: There is no ç in font cmitt10!
Missing character: There is no √ in font cmitt10!
Missing character: There is no © in font cmitt10!
Missing character: There is no ≈ in font cmitt10!
Missing character: There is no ô in font cmitt10!
Missing character: There is no √ in font cmitt10!
Missing character: There is no ≠ in font cmitt10!
Missing character: There is no ≈ in font cmitt10!
Missing character: There is no ô in font cmitt10!
Missing character: There is no ƒ in font cmitt10!
Missing character: There is no ç in font cmitt10!
Missing character: There is no ƒ in font cmitt10!
Missing character: There is no ç in font cmitt10!
Missing character: There is no √ in font cmitt10!
Missing character: There is no © in font cmitt10!
Missing character: There is no ≈ in font cmitt10!
Missing character: There is no ô in font cmitt10!
) [60] (./Math/primes.cpp [61]
[62]) [63] (./Math/bigint.cpp [64] [65] [66] [67] [68]
Overfull \hbox (193.51201pt too wide) in paragraph at lines 357--358
[][][][] 
 []


Overfull \hbox (101.70998pt too wide) in paragraph at lines 358--359
[][][][] 
 []

[69]) [70] (./Math/ExtendedEuclid.cpp) [71] (./Math/Math.cpp
Missing character: There is no ‚ in font cmitt10!
Missing character: There is no Ä in font cmitt10!
Missing character: There is no ô in font cmitt10!
 [72]) [73]
[74] (./Math/Faktorizace.cpp [75]) [76] (./Math/bigMod.cpp) [77]
(./Math/GCDAndLCM.cpp) [78] (./Math/FastTribonacci.cpp [79]) [80]
(./Math/KombinacniCisla.cpp [81]) [82] (./Sorts/MergeSort.cpp) [83]
(./Sorts/QuickSort.cpp) [84] (./Strings/palindromePartitioning.cpp [85])
[86] (./Strings/suffixarray.cpp [87]) [88] (./Strings/glass.C [89]) [90]
(./Strings/Manacher.cpp) [91] (./Strings/rabinKarp.cpp [92]) [93]
(./Strings/LexicographicallySmallestRotationOfString.cpp) [94]
(./Strings/KMP.cpp [95]) [96] (./Strings/LexicographicalRank.cpp [97]) [98]
(./DynProg/MaxSumSubmatrix.cpp [99]) [100]
(./DynProg/PalindromePartitioning.cpp [101]) [102]
(./DynProg/LongestAPinSortedArr.cpp [103]) [104]
(./Geometry/AngleDifference.cpp) [105] (./Geometry/slalom.cpp [106] [107])
[108] (./Geometry/kod.cpp) [109] (./Geometry/lineSegmentsIntersection.cpp)
[110] (./Geometry/circleSegmentIntersection.cpp [111]) [112]
(./Geometry/PolygonArea.cpp) [113] (./Geometry/ClosestPoints.cpp [114] [115])
[116] (./Geometry/ConvexHull.cpp [117]) [118] (./Geometry/Geometria.cpp)
[119] (./Geometry/IsPointInsideOfPolygon.cpp) [120]
(./Geometry/prienikpriamok.cpp) [121] (./Geometry/uholPrimek.cpp)
Package atveryend Info: Empty hook `BeforeClearDocument' on input line 312.
 [122]
Package atveryend Info: Empty hook `AfterLastShipout' on input line 312.

(./all.aux)
Package atveryend Info: Executing hook `AtVeryEndDocument' on input line 312.
Package atveryend Info: Executing hook `AtEndAfterFileList' on input line 312.
Package rerunfilecheck Info: File `all.out' has not changed.
(rerunfilecheck)             Checksum: CF04E511D5F9AD31F07615DCE8FD6C64;8296.
Package atveryend Info: Empty hook `AtVeryVeryEnd' on input line 312.
 ) 
Here is how much of TeX's memory you used:
 13044 strings out of 495059
 192442 string characters out of 3182029
 700456 words of memory out of 3000000
 10936 multiletter control sequences out of 15000+200000
 5962 words of font info for 23 fonts, out of 3000000 for 9000
 14 hyphenation exceptions out of 8191
 39i,6n,68p,313b,1780s stack positions out of 5000i,500n,10000p,200000b,50000s
</usr/share/texlive/texmf-dist/fonts/type1/public/amsfonts/cm/cmbx10.pfb></us
r/share/texlive/texmf-dist/fonts/type1/public/amsfonts/cm/cmbx12.pfb></usr/shar
e/texlive/texmf-dist/fonts/type1/public/amsfonts/cm/cmitt10.pfb></usr/share/tex
live/texmf-dist/fonts/type1/public/amsfonts/cm/cmr10.pfb></usr/share/texlive/te
xmf-dist/fonts/type1/public/amsfonts/cm/cmsltt10.pfb></usr/share/texlive/texmf-
dist/fonts/type1/public/amsfonts/cm/cmtt8.pfb>
Output written on all.pdf (122 pages, 450021 bytes).
PDF statistics:
 7131 PDF objects out of 7423 (max. 8388607)
 6931 compressed objects within 70 object streams
 5044 named destinations out of 5155 (max. 500000)
 1169 words of extra memory for PDF output out of 10000 (max. 10000000)

